Arguments: 
  /home/fkoerner/.nvm/versions/node/v12.16.1/bin/node /mnt/c/Program Files (x86)/Yarn/bin/yarn.js add -D @types/material-colors

PATH: 
  /home/fkoerner/.vscode-server/bin/ff915844119ce9485abfe8aa9076ec76b5300ddd/bin:/home/fkoerner/.nvm/versions/node/v12.16.1/bin:/usr/local/sbin:/usr/local/bin:/usr/sbin:/usr/bin:/sbin:/bin:/usr/games:/usr/local/games:/mnt/c/Python27/:/mnt/c/Python27/Scripts:/mnt/c/Windows/system32:/mnt/c/Windows:/mnt/c/Windows/System32/Wbem:/mnt/c/Windows/System32/WindowsPowerShell/v1.0/:/mnt/c/Windows/System32/OpenSSH/:/mnt/c/Program Files (x86)/NVIDIA Corporation/PhysX/Common:/mnt/c/Program Files/NVIDIA Corporation/NVIDIA NvDLISRC:/ProgramData/ComposerSetup/bin:/mnt/c/Program Files/NVIDIA Corporation/NVIDIA NvDLISR:/mnt/c/Program Files/nodejs/:/mnt/c/Program Files/Git/cmd:/mnt/c/ProgramData/chocolatey/bin:/mnt/c/Program Files (x86)/Yarn/bin/:/mnt/c/WINDOWS/system32:/mnt/c/WINDOWS:/mnt/c/WINDOWS/System32/Wbem:/mnt/c/WINDOWS/System32/WindowsPowerShell/v1.0/:/mnt/c/WINDOWS/System32/OpenSSH/:/mnt/c/Users/koern/AppData/Local/Microsoft/WindowsApps:/mnt/c/xampp/mysql/bin:/mnt/c/xampp/php:/mnt/c/Users/koern/AppData/Local/Programs/Microsoft VS Code/bin:/mnt/c/Users/koern/AppData/Local/Microsoft/WindowsApps:/snap/bin

Yarn version: 
  1.22.0

Node version: 
  12.16.1

Platform: 
  linux x64

Trace: 
  Error: https://registry.yarnpkg.com/@types%2fmaterial-colors: Not found
      at Request.params.callback [as _callback] (/mnt/c/Program Files (x86)/Yarn/lib/cli.js:66084:18)
      at Request.self.callback (/mnt/c/Program Files (x86)/Yarn/lib/cli.js:140727:22)
      at Request.emit (events.js:311:20)
      at Request.<anonymous> (/mnt/c/Program Files (x86)/Yarn/lib/cli.js:141699:10)
      at Request.emit (events.js:311:20)
      at IncomingMessage.<anonymous> (/mnt/c/Program Files (x86)/Yarn/lib/cli.js:141621:12)
      at Object.onceWrapper (events.js:417:28)
      at IncomingMessage.emit (events.js:323:22)
      at endReadableNT (_stream_readable.js:1204:12)
      at processTicksAndRejections (internal/process/task_queues.js:84:21)

npm manifest: 
  {
    "name": "@avatars/bottts",
    "version": "4.0.3",
    "description": "Bottts sprite collection for DiceBear Avatars",
    "main": "lib/index.js",
    "types": "lib/index.d.ts",
    "scripts": {
      "prepublishOnly": "npm run build",
      "prebuild": "rm -rf lib/ || true",
      "build": "tsc",
      "test": "echo 'No tests available'"
    },
    "repository": {
      "type": "git",
      "url": "git+https://github.com/DiceBear/avatars.git"
    },
    "keywords": [
      "dicebear",
      "avatar",
      "bottts",
      "svg",
      "sprites"
    ],
    "author": "DiceBear <opensource@dicebear.com>",
    "license": "MIT",
    "bugs": {
      "url": "https://github.com/DiceBear/avatars/issues"
    },
    "homepage": "https://github.com/DiceBear/avatars/tree/master/packages/bottts#readme",
    "peerDependencies": {
      "@avatars/core": "^4.0.0"
    },
    "devDependencies": {
      "@avatars/core": "link:../core",
      "typescript": "^3.4.5"
    },
    "files": [
      "LICENSE",
      "lib"
    ],
    "publishConfig": {
      "access": "public"
    },
    "dependencies": {
      "material-colors": "^1.2.6"
    }
  }

yarn manifest: 
  No manifest

Lockfile: 
  # THIS IS AN AUTOGENERATED FILE. DO NOT EDIT THIS FILE DIRECTLY.
  # yarn lockfile v1
  
  
  "@avatars/core@link:../core":
    version "0.0.0"
    uid ""
  
  deep-rename-keys@^0.2.1:
    version "0.2.1"
    resolved "https://registry.yarnpkg.com/deep-rename-keys/-/deep-rename-keys-0.2.1.tgz#ede78537d7a66a2be61517e2af956d7f58a3f1d8"
    integrity sha1-7eeFN9emaivmFRfir5Vtf1ij8dg=
    dependencies:
      kind-of "^3.0.2"
      rename-keys "^1.1.2"
  
  eventemitter3@^2.0.0:
    version "2.0.3"
    resolved "https://registry.yarnpkg.com/eventemitter3/-/eventemitter3-2.0.3.tgz#b5e1079b59fb5e1ba2771c0a993be060a58c99ba"
    integrity sha1-teEHm1n7XhuidxwKmTvgYKWMmbo=
  
  get-value@^2.0.3:
    version "2.0.6"
    resolved "https://registry.yarnpkg.com/get-value/-/get-value-2.0.6.tgz#dc15ca1c672387ca76bd37ac0a395ba2042a2c28"
    integrity sha1-3BXKHGcjh8p2vTesCjlbogQqLCg=
  
  has-value@^0.3.1:
    version "0.3.1"
    resolved "https://registry.yarnpkg.com/has-value/-/has-value-0.3.1.tgz#7b1f58bada62ca827ec0a2078025654845995e1f"
    integrity sha1-ex9YutpiyoJ+wKIHgCVlSEWZXh8=
    dependencies:
      get-value "^2.0.3"
      has-values "^0.1.4"
      isobject "^2.0.0"
  
  has-values@^0.1.4:
    version "0.1.4"
    resolved "https://registry.yarnpkg.com/has-values/-/has-values-0.1.4.tgz#6d61de95d91dfca9b9a02089ad384bff8f62b771"
    integrity sha1-bWHeldkd/Km5oCCJrThL/49it3E=
  
  is-buffer@^1.1.5:
    version "1.1.6"
    resolved "https://registry.yarnpkg.com/is-buffer/-/is-buffer-1.1.6.tgz#efaa2ea9daa0d7ab2ea13a97b2b8ad51fefbe8be"
    integrity sha512-NcdALwpXkTm5Zvvbk7owOUSvVvBKDgKP5/ewfXEznmQFfs4ZRmanOeKBTjRVjka3QFoN6XJ+9F3USqfHqTaU5w==
  
  is-plain-object@^2.0.1:
    version "2.0.4"
    resolved "https://registry.yarnpkg.com/is-plain-object/-/is-plain-object-2.0.4.tgz#2c163b3fafb1b606d9d17928f05c2a1c38e07677"
    integrity sha512-h5PpgXkWitc38BBMYawTYMWJHFZJVnBquFE57xFpjB8pJFiF6gZ+bU+WyI/yqXiFR5mdLsgYNaPe8uao6Uv9Og==
    dependencies:
      isobject "^3.0.1"
  
  isarray@1.0.0:
    version "1.0.0"
    resolved "https://registry.yarnpkg.com/isarray/-/isarray-1.0.0.tgz#bb935d48582cba168c06834957a54a3e07124f11"
    integrity sha1-u5NdSFgsuhaMBoNJV6VKPgcSTxE=
  
  isobject@^2.0.0:
    version "2.1.0"
    resolved "https://registry.yarnpkg.com/isobject/-/isobject-2.1.0.tgz#f065561096a3f1da2ef46272f815c840d87e0c89"
    integrity sha1-8GVWEJaj8dou9GJy+BXIQNh+DIk=
    dependencies:
      isarray "1.0.0"
  
  isobject@^3.0.0, isobject@^3.0.1:
    version "3.0.1"
    resolved "https://registry.yarnpkg.com/isobject/-/isobject-3.0.1.tgz#4e431e92b11a9731636aa1f9c8d1ccbcfdab78df"
    integrity sha1-TkMekrEalzFjaqH5yNHMvP2reN8=
  
  kind-of@^3.0.2:
    version "3.2.2"
    resolved "https://registry.yarnpkg.com/kind-of/-/kind-of-3.2.2.tgz#31ea21a734bab9bbb0f32466d893aea51e4a3c64"
    integrity sha1-MeohpzS6ubuw8yRm2JOupR5KPGQ=
    dependencies:
      is-buffer "^1.1.5"
  
  material-colors@^1.2.6:
    version "1.2.6"
    resolved "https://registry.yarnpkg.com/material-colors/-/material-colors-1.2.6.tgz#6d1958871126992ceecc72f4bcc4d8f010865f46"
    integrity sha512-6qE4B9deFBIa9YSpOc9O0Sgc43zTeVYbgDT5veRKSlB2+ZuHNoVVxA1L/ckMUayV9Ay9y7Z/SZCLcGteW9i7bg==
  
  omit-deep@0.3.0:
    version "0.3.0"
    resolved "https://registry.yarnpkg.com/omit-deep/-/omit-deep-0.3.0.tgz#21c8af3499bcadd29651a232cbcacbc52445ebec"
    integrity sha1-IcivNJm8rdKWUaIyy8rLxSRF6+w=
    dependencies:
      is-plain-object "^2.0.1"
      unset-value "^0.1.1"
  
  rename-keys@^1.1.2:
    version "1.2.0"
    resolved "https://registry.yarnpkg.com/rename-keys/-/rename-keys-1.2.0.tgz#be602fb0b750476b513ebe85ba4465d03254f0a3"
    integrity sha512-U7XpAktpbSgHTRSNRrjKSrjYkZKuhUukfoBlXWXUExCAqhzh1TU3BDRAfJmarcl5voKS+pbKU9MvyLWKZ4UEEg==
  
  seedrandom@^3.0.5:
    version "3.0.5"
    resolved "https://registry.yarnpkg.com/seedrandom/-/seedrandom-3.0.5.tgz#54edc85c95222525b0c7a6f6b3543d8e0b3aa0a7"
    integrity sha512-8OwmbklUNzwezjGInmZ+2clQmExQPvomqjL7LFqOYqtmuxRgQYqOD3mHaU+MvZn5FLUeVxVfQjwLZW/n/JFuqg==
  
  svgson@^4.1.0:
    version "4.1.0"
    resolved "https://registry.yarnpkg.com/svgson/-/svgson-4.1.0.tgz#eb70dac8d0075c61e5bfd45411a56014e2d3610e"
    integrity sha512-DodISxHtdLKUghDYA+PGK4Qq350+CbBAkdvGLkBFSmWd9WKSg4dijgjB1IiRPTmsUCd+a7KYe+ILHtklYgQyzQ==
    dependencies:
      deep-rename-keys "^0.2.1"
      omit-deep "0.3.0"
      xml-reader "2.4.3"
  
  typescript@^3.4.5:
    version "3.8.3"
    resolved "https://registry.yarnpkg.com/typescript/-/typescript-3.8.3.tgz#409eb8544ea0335711205869ec458ab109ee1061"
    integrity sha512-MYlEfn5VrLNsgudQTVJeNaQFUAI7DkhnOjdpAp4T+ku1TfQClewlbSuTVHiA+8skNBgaf02TL/kLOvig4y3G8w==
  
  unset-value@^0.1.1:
    version "0.1.2"
    resolved "https://registry.yarnpkg.com/unset-value/-/unset-value-0.1.2.tgz#506810b867f27c2a5a6e9b04833631f6de58d310"
    integrity sha1-UGgQuGfyfCpabpsEgzYx9t5Y0xA=
    dependencies:
      has-value "^0.3.1"
      isobject "^3.0.0"
  
  xml-lexer@^0.2.2:
    version "0.2.2"
    resolved "https://registry.yarnpkg.com/xml-lexer/-/xml-lexer-0.2.2.tgz#518193a4aa334d58fc7d248b549079b89907e046"
    integrity sha1-UYGTpKozTVj8fSSLVJB5uJkH4EY=
    dependencies:
      eventemitter3 "^2.0.0"
  
  xml-reader@2.4.3:
    version "2.4.3"
    resolved "https://registry.yarnpkg.com/xml-reader/-/xml-reader-2.4.3.tgz#9f810caf7c425a5aafb848b1c45103c9e71d7530"
    integrity sha1-n4EMr3xCWlqvuEixxFEDyecddTA=
    dependencies:
      eventemitter3 "^2.0.0"
      xml-lexer "^0.2.2"
